<?xml version="1.0" encoding="UTF-8"?>
<testsuite xmlns:xsi="http://www.w3.org/2001/XMLSchema-instance" xsi:noNamespaceSchemaLocation="https://maven.apache.org/surefire/maven-surefire-plugin/xsd/surefire-test-report.xsd" version="3.0.2" name="au.edu.rmit.sct.roadregistry.PersonTest" time="0.121" tests="15" errors="0" skipped="0" failures="0">
  <properties>
[...]
</properties>
  <testcase name="updateDetails_ValidUpdate_ReturnsTrue" classname="au.edu.rmit.sct.roadregistry.PersonTest" time="0.047"/>
  <testcase name="addPerson_InvalidIDFormat_ReturnsFalse" classname="au.edu.rmit.sct.roadregistry.PersonTest" time="0.002"/>
  <testcase name="addDemeritPoints_PointsOutOfRange_ReturnsFailed" classname="au.edu.rmit.sct.roadregistry.PersonTest" time="0.004"/>
  <testcase name="addDemeritPoints_InvalidDateFormat_ReturnsFailed" classname="au.edu.rmit.sct.roadregistry.PersonTest" time="0.002"/>
  <testcase name="updateDetails_EvenFirstDigitIDChange_ReturnsFalse" classname="au.edu.rmit.sct.roadregistry.PersonTest" time="0.002"/>
  <testcase name="addDemeritPoints_ExactlyTwoYearsAgo_CountsPoints" classname="au.edu.rmit.sct.roadregistry.PersonTest" time="0.004"/>
  <testcase name="updateDetails_InvalidNewAddress_ReturnsFalse" classname="au.edu.rmit.sct.roadregistry.PersonTest" time="0.003"/>
  <testcase name="addPerson_InsufficientSpecialChars_ReturnsFalse" classname="au.edu.rmit.sct.roadregistry.PersonTest" time="0.001"/>
  <testcase name="addDemeritPoints_Under21Suspension_UpdatesStatus" classname="au.edu.rmit.sct.roadregistry.PersonTest" time="0.004"/>
  <testcase name="updateDetails_Under18AddressChange_ReturnsFalse" classname="au.edu.rmit.sct.roadregistry.PersonTest" time="0.002"/>
  <testcase name="addPerson_InvalidBirthdate_ReturnsFalse" classname="au.edu.rmit.sct.roadregistry.PersonTest" time="0.001"/>
  <testcase name="addDemeritPoints_ValidInput_ReturnsSuccess" classname="au.edu.rmit.sct.roadregistry.PersonTest" time="0.002"/>
  <testcase name="addPerson_ValidDetails_ReturnsTrue" classname="au.edu.rmit.sct.roadregistry.PersonTest" time="0.001"/>
  <testcase name="addPerson_AddressNotVictoria_ReturnsFalse" classname="au.edu.rmit.sct.roadregistry.PersonTest" time="0.001"/>
  <testcase name="updateDetails_BirthdayChangeWithOtherFields_ReturnsFalse" classname="au.edu.rmit.sct.roadregistry.PersonTest" time="0.002"/>
</testsuite>